build/intermediates/manifest_merge_blame_file/debug/manifest-merger-blame-debug-report.txt
1<?xml version="1.0" encoding="utf-8"?>
2<manifest xmlns:android="http://schemas.android.com/apk/res/android"
3    package="mcore.edu.talan"
4    android:versionCode="1"
5    android:versionName="1.0" >
6
7    <uses-sdk
8        android:minSdkVersion="14"
8-->onTime\AndroidManifest.xml
9        android:targetSdkVersion="30" />
9-->onTime\AndroidManifest.xml
10
11    <queries>
11-->onTime\AndroidManifest.xml:33:2-37:12
12        <intent>
12-->onTime\AndroidManifest.xml:34:3-36:12
13            <action android:name="android.media.action.IMAGE_CAPTURE" />
13-->onTime\AndroidManifest.xml:35:4-64
13-->onTime\AndroidManifest.xml:35:12-61
14        </intent>
15    </queries>
16
17    <uses-feature
17-->onTime\AndroidManifest.xml:38:2-85
18        android:name="android.hardware.telephony"
18-->onTime\AndroidManifest.xml:38:16-57
19        android:required="false" />
19-->onTime\AndroidManifest.xml:38:58-82
20
21    <uses-permission android:name="android.permission.RESTART_PACKAGES" />
21-->onTime\AndroidManifest.xml:39:2-72
21-->onTime\AndroidManifest.xml:39:19-69
22    <uses-permission android:name="android.permission.KILL_BACKGROUND_PROCESSES" />
22-->onTime\AndroidManifest.xml:40:2-81
22-->onTime\AndroidManifest.xml:40:19-78
23    <uses-permission android:name="android.permission.VIBRATE" />
23-->onTime\AndroidManifest.xml:41:2-63
23-->onTime\AndroidManifest.xml:41:19-60
24    <uses-permission android:name="android.permission.READ_EXTERNAL_STORAGE" />
24-->onTime\AndroidManifest.xml:42:2-77
24-->onTime\AndroidManifest.xml:42:19-74
25    <uses-permission android:name="android.permission.WRITE_EXTERNAL_STORAGE" />
25-->onTime\AndroidManifest.xml:43:2-78
25-->onTime\AndroidManifest.xml:43:19-75
26    <uses-permission android:name="android.permission.GET_TASKS" />
26-->onTime\AndroidManifest.xml:44:2-65
26-->onTime\AndroidManifest.xml:44:19-62
27    <uses-permission android:name="android.permission.WAKE_LOCK" />
27-->onTime\AndroidManifest.xml:45:2-65
27-->onTime\AndroidManifest.xml:45:19-62
28    <uses-permission
28-->onTime\AndroidManifest.xml:46:2-99
29        android:name="android.permission.READ_PHONE_STATE"
29-->onTime\AndroidManifest.xml:46:46-96
30        android:maxSdkVersion="29" />
30-->onTime\AndroidManifest.xml:46:19-45
31    <uses-permission android:name="android.permission.READ_PHONE_NUMBERS" />
31-->onTime\AndroidManifest.xml:47:2-74
31-->onTime\AndroidManifest.xml:47:19-71
32    <uses-permission android:name="android.permission.INTERNET" />
32-->onTime\AndroidManifest.xml:48:2-64
32-->onTime\AndroidManifest.xml:48:19-61
33    <uses-permission android:name="android.permission.ACCESS_NETWORK_STATE" />
33-->onTime\AndroidManifest.xml:49:2-76
33-->onTime\AndroidManifest.xml:49:19-73
34    <uses-permission android:name="android.permission.ACCESS_WIFI_STATE" />
34-->onTime\AndroidManifest.xml:50:2-73
34-->onTime\AndroidManifest.xml:50:19-70
35    <uses-permission android:name="android.permission.CHANGE_WIFI_STATE" />
35-->onTime\AndroidManifest.xml:51:2-73
35-->onTime\AndroidManifest.xml:51:19-70
36    <uses-permission android:name="android.permission.ACCESS_COARSE_LOCATION" />
36-->onTime\AndroidManifest.xml:52:2-78
36-->onTime\AndroidManifest.xml:52:19-75
37
38    <uses-feature android:name="android.hardware.camera" />
38-->onTime\AndroidManifest.xml:53:2-57
38-->onTime\AndroidManifest.xml:53:16-54
39
40    <uses-permission android:name="android.permission.RECORD_AUDIO" />
40-->onTime\AndroidManifest.xml:54:2-68
40-->onTime\AndroidManifest.xml:54:19-65
41    <uses-permission android:name="android.permission.CAMERA" />
41-->onTime\AndroidManifest.xml:55:2-62
41-->onTime\AndroidManifest.xml:55:19-59
42    <uses-permission android:name="android.permission.FLASHLIGHT" />
42-->onTime\AndroidManifest.xml:56:2-66
42-->onTime\AndroidManifest.xml:56:19-63
43    <!-- requestLegacyExternalStorage 관련 오류 발생시, Properties 에서 Android의 project Build Target을  Android 10 으로 지정 하거나, requestLegacyExternalStorage 를 삭제 -->
44    <application
44-->onTime\AndroidManifest.xml:4:2-32:16
45        android:name="mcore.edu.talan.implementation.ExtendApplication"
45-->onTime\AndroidManifest.xml:4:106-154
46        android:allowBackup="false"
46-->onTime\AndroidManifest.xml:4:15-42
47        android:debuggable="true"
48        android:icon="@drawable/icon"
48-->onTime\AndroidManifest.xml:4:43-72
49        android:label="@string/app_name"
49-->onTime\AndroidManifest.xml:4:73-105
50        android:networkSecurityConfig="@xml/network_security_config"
50-->onTime\AndroidManifest.xml:4:155-215
51        android:testOnly="true" >
52
53        <!-- 에러 발생시, ${applicationId} 를 packagename 으로 변경 -->
54        <provider
54-->onTime\AndroidManifest.xml:6:3-8:14
55            android:name="android.support.v4.content.FileProvider"
55-->onTime\AndroidManifest.xml:6:120-174
56            android:authorities="mcore.edu.talan.provider"
56-->onTime\AndroidManifest.xml:6:13-59
57            android:exported="false"
57-->onTime\AndroidManifest.xml:6:60-84
58            android:grantUriPermissions="true" >
58-->onTime\AndroidManifest.xml:6:85-119
59            <meta-data
59-->onTime\AndroidManifest.xml:7:4-113
60                android:name="android.support.FILE_PROVIDER_PATHS"
60-->onTime\AndroidManifest.xml:7:15-65
61                android:resource="@xml/mcore_provider_paths" />
61-->onTime\AndroidManifest.xml:7:66-110
62        </provider>
63
64        <activity
64-->onTime\AndroidManifest.xml:9:3-14:14
65            android:name="mcore.edu.talan.Startup"
65-->onTime\AndroidManifest.xml:9:13-36
66            android:theme="@android:style/Theme.Black.NoTitleBar" >
66-->onTime\AndroidManifest.xml:9:37-90
67            <intent-filter>
67-->onTime\AndroidManifest.xml:10:4-13:20
68                <action android:name="android.intent.action.MAIN" />
68-->onTime\AndroidManifest.xml:11:5-57
68-->onTime\AndroidManifest.xml:11:13-54
69
70                <category android:name="android.intent.category.LAUNCHER" />
70-->onTime\AndroidManifest.xml:12:5-65
70-->onTime\AndroidManifest.xml:12:15-62
71            </intent-filter>
72        </activity>
73        <activity
73-->onTime\AndroidManifest.xml:15:3-163
74            android:name="mcore.edu.talan.BaseActivity"
74-->onTime\AndroidManifest.xml:15:132-160
75            android:configChanges="locale|keyboardHidden|orientation|screenSize"
75-->onTime\AndroidManifest.xml:15:13-81
76            android:imeOptions="actionSend|flagNoEnterAction" />
76-->onTime\AndroidManifest.xml:15:82-131
77        <activity
77-->onTime\AndroidManifest.xml:16:3-136
78            android:name="mcore.edu.talan.samples.activity.ImageList1Activity"
78-->onTime\AndroidManifest.xml:16:82-133
79            android:configChanges="locale|keyboardHidden|orientation|screenSize" />
79-->onTime\AndroidManifest.xml:16:13-81
80        <activity
80-->onTime\AndroidManifest.xml:17:3-136
81            android:name="mcore.edu.talan.samples.activity.ImageList2Activity"
81-->onTime\AndroidManifest.xml:17:82-133
82            android:configChanges="locale|keyboardHidden|orientation|screenSize" />
82-->onTime\AndroidManifest.xml:17:13-81
83        <activity
83-->onTime\AndroidManifest.xml:18:3-138
84            android:name="mcore.edu.talan.samples.activity.ImageDetailsActivity"
84-->onTime\AndroidManifest.xml:18:82-135
85            android:configChanges="locale|keyboardHidden|orientation|screenSize" />
85-->onTime\AndroidManifest.xml:18:13-81
86        <activity
86-->onTime\AndroidManifest.xml:19:3-131
87            android:name="mcore.edu.talan.samples.activity.StartActivity"
87-->onTime\AndroidManifest.xml:19:82-128
88            android:configChanges="locale|keyboardHidden|orientation|screenSize" />
88-->onTime\AndroidManifest.xml:19:13-81
89        <activity
89-->onTime\AndroidManifest.xml:20:3-132
90            android:name="mcore.edu.talan.samples.activity.SampleActivity"
90-->onTime\AndroidManifest.xml:20:82-129
91            android:configChanges="locale|keyboardHidden|orientation|screenSize" />
91-->onTime\AndroidManifest.xml:20:13-81
92        <activity
92-->onTime\AndroidManifest.xml:21:3-133
93            android:name="mcore.edu.talan.samples.activity.SampleActivity2"
93-->onTime\AndroidManifest.xml:21:82-130
94            android:configChanges="locale|keyboardHidden|orientation|screenSize" />
94-->onTime\AndroidManifest.xml:21:13-81
95        <activity
95-->onTime\AndroidManifest.xml:22:3-135
96            android:name="mcore.edu.talan.samples.activity.BatchTempActivity"
96-->onTime\AndroidManifest.xml:22:82-132
97            android:configChanges="locale|keyboardHidden|orientation|screenSize" />
97-->onTime\AndroidManifest.xml:22:13-81
98        <activity
98-->onTime\AndroidManifest.xml:23:3-142
99            android:name="mcore.edu.talan.samples.activity.SampleNativeListActivity"
99-->onTime\AndroidManifest.xml:23:82-139
100            android:configChanges="locale|keyboardHidden|orientation|screenSize" />
100-->onTime\AndroidManifest.xml:23:13-81
101        <activity
101-->onTime\AndroidManifest.xml:24:3-141
102            android:name="mcore.edu.talan.samples.activity.SampleNativeMapActivity"
102-->onTime\AndroidManifest.xml:24:82-138
103            android:configChanges="locale|keyboardHidden|orientation|screenSize" />
103-->onTime\AndroidManifest.xml:24:13-81
104        <activity
104-->onTime\AndroidManifest.xml:25:3-157
105            android:name="mcore.edu.talan.samples.activity.ShowPushPopup"
105-->onTime\AndroidManifest.xml:25:13-59
106            android:screenOrientation="portrait"
106-->onTime\AndroidManifest.xml:25:60-96
107            android:windowSoftInputMode="adjustUnspecified|adjustPan" />
107-->onTime\AndroidManifest.xml:25:97-154
108        <activity
108-->onTime\AndroidManifest.xml:26:3-197
109            android:name="m.client.android.library.core.view.MainActivity"
109-->onTime\AndroidManifest.xml:26:132-194
110            android:configChanges="locale|keyboardHidden|orientation|screenSize"
110-->onTime\AndroidManifest.xml:26:13-81
111            android:imeOptions="actionSend|flagNoEnterAction" />
111-->onTime\AndroidManifest.xml:26:82-131
112
113        <provider
113-->onTime\AndroidManifest.xml:27:3-136
114            android:name="m.client.android.library.core.managers.LocalFileContentProvider"
114-->onTime\AndroidManifest.xml:27:55-133
115            android:authorities="@string/app_package" />
115-->onTime\AndroidManifest.xml:27:13-54
116
117        <uses-library
117-->onTime\AndroidManifest.xml:28:3-82
118            android:name="org.apache.http.legacy"
118-->onTime\AndroidManifest.xml:28:17-54
119            android:required="false" />
119-->onTime\AndroidManifest.xml:28:55-79
120
121        <activity
121-->onTime\AndroidManifest.xml:29:3-138
122            android:name="m.client.library.addon.media.AudioRecoderActivity"
122-->onTime\AndroidManifest.xml:29:71-135
123            android:configChanges="locale|keyboardHidden|orientation" />
123-->onTime\AndroidManifest.xml:29:13-70
124        <activity
124-->onTime\AndroidManifest.xml:30:3-193
125            android:name="m.client.library.addon.media.MediaPlayActivity"
125-->onTime\AndroidManifest.xml:30:75-136
126            android:configChanges="keyboardHidden|orientation|screenSize"
126-->onTime\AndroidManifest.xml:30:13-74
127            android:theme="@android:style/Theme.Black.NoTitleBar" />
127-->onTime\AndroidManifest.xml:30:137-190
128        <activity
128-->onTime\AndroidManifest.xml:31:3-198
129            android:name="m.client.library.addon.media.crop.CropImageActivity"
129-->onTime\AndroidManifest.xml:31:75-141
130            android:configChanges="keyboardHidden|orientation|screenSize"
130-->onTime\AndroidManifest.xml:31:13-74
131            android:theme="@android:style/Theme.Black.NoTitleBar" />
131-->onTime\AndroidManifest.xml:31:142-195
132    </application>
133
134</manifest>